<testsuites id="" name="" tests="1" failures="1" skipped="0" errors="0" time="13.768707000000001">
<testsuite name="project-functionality-validation.spec.ts" timestamp="2025-07-31T23:49:44.516Z" hostname="chromium" tests="1" failures="1" skipped="0" time="12.58" errors="0">
<testcase name="Project Functionality Validation â€º Validate actual project features and user journey" classname="project-functionality-validation.spec.ts" time="12.58">
<failure message="project-functionality-validation.spec.ts:11:7 Validate actual project features and user journey" type="FAILURE">
<![CDATA[  [chromium] â€º project-functionality-validation.spec.ts:11:7 â€º Project Functionality Validation â€º Validate actual project features and user journey 

    Error: page.evaluate: SyntaxError: Failed to execute 'querySelector' on 'Document': 'button:contains("Create"), a:contains("Create")' is not a valid selector.
        at eval (eval at evaluate (:291:30), <anonymous>:20:37)
        at UtilityScript.evaluate (<anonymous>:293:16)
        at UtilityScript.<anonymous> (<anonymous>:1:44)
        at eval (eval at evaluate (:291:30), <anonymous>:20:37)
        at UtilityScript.evaluate (<anonymous>:293:16)
        at UtilityScript.<anonymous> (<anonymous>:1:44)
        at /Users/revalue.io/NAMC NorCal Website & Member Portal/NAMC-NorCal-Website-Member-Portal/tests/project-functionality-validation.spec.ts:95:45

    attachment #1: screenshot (image/png) â”€â”€â”€â”€â”€â”€â”€â”€â”€â”€â”€â”€â”€â”€â”€â”€â”€â”€â”€â”€â”€â”€â”€â”€â”€â”€â”€â”€â”€â”€â”€â”€â”€â”€â”€â”€â”€â”€â”€â”€â”€â”€â”€â”€â”€â”€â”€â”€â”€â”€â”€â”€â”€â”€â”€â”€â”€â”€
    ../test-results/project-functionality-vali-d5c40-t-features-and-user-journey-chromium/test-failed-1.png
    â”€â”€â”€â”€â”€â”€â”€â”€â”€â”€â”€â”€â”€â”€â”€â”€â”€â”€â”€â”€â”€â”€â”€â”€â”€â”€â”€â”€â”€â”€â”€â”€â”€â”€â”€â”€â”€â”€â”€â”€â”€â”€â”€â”€â”€â”€â”€â”€â”€â”€â”€â”€â”€â”€â”€â”€â”€â”€â”€â”€â”€â”€â”€â”€â”€â”€â”€â”€â”€â”€â”€â”€â”€â”€â”€â”€â”€â”€â”€â”€â”€â”€â”€â”€â”€â”€â”€â”€â”€â”€â”€â”€â”€â”€â”€â”€

    attachment #2: video (video/webm) â”€â”€â”€â”€â”€â”€â”€â”€â”€â”€â”€â”€â”€â”€â”€â”€â”€â”€â”€â”€â”€â”€â”€â”€â”€â”€â”€â”€â”€â”€â”€â”€â”€â”€â”€â”€â”€â”€â”€â”€â”€â”€â”€â”€â”€â”€â”€â”€â”€â”€â”€â”€â”€â”€â”€â”€â”€â”€â”€â”€â”€â”€
    ../test-results/project-functionality-vali-d5c40-t-features-and-user-journey-chromium/video.webm
    â”€â”€â”€â”€â”€â”€â”€â”€â”€â”€â”€â”€â”€â”€â”€â”€â”€â”€â”€â”€â”€â”€â”€â”€â”€â”€â”€â”€â”€â”€â”€â”€â”€â”€â”€â”€â”€â”€â”€â”€â”€â”€â”€â”€â”€â”€â”€â”€â”€â”€â”€â”€â”€â”€â”€â”€â”€â”€â”€â”€â”€â”€â”€â”€â”€â”€â”€â”€â”€â”€â”€â”€â”€â”€â”€â”€â”€â”€â”€â”€â”€â”€â”€â”€â”€â”€â”€â”€â”€â”€â”€â”€â”€â”€â”€â”€

    Error Context: ../test-results/project-functionality-vali-d5c40-t-features-and-user-journey-chromium/error-context.md
]]>
</failure>
<system-out>
<![CDATA[ðŸ” Starting project functionality validation...
ðŸ“‹ Validating member portal routes...

ðŸ”— Testing route: /member/dashboard
  âœ… Member Dashboard accessible
  ðŸ“Š Interactive elements: {"buttons":5,"links":29,"forms":1,"inputs":3}

ðŸ”— Testing route: /member/projects
  âœ… Member Projects accessible
  ðŸ“Š Interactive elements: {"buttons":5,"links":29,"forms":1,"inputs":3}
  ðŸ—ï¸ Project elements: {"cards":1,"lists":2,"headings":4}

ðŸ”— Testing route: /member/projects/create
  âœ… Create Project accessible
  ðŸ“Š Interactive elements: {"buttons":5,"links":29,"forms":1,"inputs":3}
  ðŸ—ï¸ Project elements: {"cards":1,"lists":2,"headings":4}

ðŸ”— Testing route: /member/directory
  âœ… Member Directory accessible
  ðŸ“Š Interactive elements: {"buttons":5,"links":29,"forms":1,"inputs":3}

ðŸ“‹ Testing project listing functionality...

[[ATTACHMENT|project-functionality-vali-d5c40-t-features-and-user-journey-chromium/test-failed-1.png]]

[[ATTACHMENT|project-functionality-vali-d5c40-t-features-and-user-journey-chromium/video.webm]]

[[ATTACHMENT|project-functionality-vali-d5c40-t-features-and-user-journey-chromium/error-context.md]]
]]>
</system-out>
</testcase>
</testsuite>
</testsuites>