<testsuites id="" name="" tests="1" failures="1" skipped="0" errors="0" time="13.768707000000001">
<testsuite name="project-functionality-validation.spec.ts" timestamp="2025-07-31T23:49:44.516Z" hostname="chromium" tests="1" failures="1" skipped="0" time="12.58" errors="0">
<testcase name="Project Functionality Validation › Validate actual project features and user journey" classname="project-functionality-validation.spec.ts" time="12.58">
<failure message="project-functionality-validation.spec.ts:11:7 Validate actual project features and user journey" type="FAILURE">
<![CDATA[  [chromium] › project-functionality-validation.spec.ts:11:7 › Project Functionality Validation › Validate actual project features and user journey 

    Error: page.evaluate: SyntaxError: Failed to execute 'querySelector' on 'Document': 'button:contains("Create"), a:contains("Create")' is not a valid selector.
        at eval (eval at evaluate (:291:30), <anonymous>:20:37)
        at UtilityScript.evaluate (<anonymous>:293:16)
        at UtilityScript.<anonymous> (<anonymous>:1:44)
        at eval (eval at evaluate (:291:30), <anonymous>:20:37)
        at UtilityScript.evaluate (<anonymous>:293:16)
        at UtilityScript.<anonymous> (<anonymous>:1:44)
        at /Users/revalue.io/NAMC NorCal Website & Member Portal/NAMC-NorCal-Website-Member-Portal/tests/project-functionality-validation.spec.ts:95:45

    attachment #1: screenshot (image/png) ──────────────────────────────────────────────────────────
    ../test-results/project-functionality-vali-d5c40-t-features-and-user-journey-chromium/test-failed-1.png
    ────────────────────────────────────────────────────────────────────────────────────────────────

    attachment #2: video (video/webm) ──────────────────────────────────────────────────────────────
    ../test-results/project-functionality-vali-d5c40-t-features-and-user-journey-chromium/video.webm
    ────────────────────────────────────────────────────────────────────────────────────────────────

    Error Context: ../test-results/project-functionality-vali-d5c40-t-features-and-user-journey-chromium/error-context.md
]]>
</failure>
<system-out>
<![CDATA[🔍 Starting project functionality validation...
📋 Validating member portal routes...

🔗 Testing route: /member/dashboard
  ✅ Member Dashboard accessible
  📊 Interactive elements: {"buttons":5,"links":29,"forms":1,"inputs":3}

🔗 Testing route: /member/projects
  ✅ Member Projects accessible
  📊 Interactive elements: {"buttons":5,"links":29,"forms":1,"inputs":3}
  🏗️ Project elements: {"cards":1,"lists":2,"headings":4}

🔗 Testing route: /member/projects/create
  ✅ Create Project accessible
  📊 Interactive elements: {"buttons":5,"links":29,"forms":1,"inputs":3}
  🏗️ Project elements: {"cards":1,"lists":2,"headings":4}

🔗 Testing route: /member/directory
  ✅ Member Directory accessible
  📊 Interactive elements: {"buttons":5,"links":29,"forms":1,"inputs":3}

📋 Testing project listing functionality...

[[ATTACHMENT|project-functionality-vali-d5c40-t-features-and-user-journey-chromium/test-failed-1.png]]

[[ATTACHMENT|project-functionality-vali-d5c40-t-features-and-user-journey-chromium/video.webm]]

[[ATTACHMENT|project-functionality-vali-d5c40-t-features-and-user-journey-chromium/error-context.md]]
]]>
</system-out>
</testcase>
</testsuite>
</testsuites>